#
# There is insufficient memory for the Java Runtime Environment to continue.
# Native memory allocation (mmap) failed to map 134217728 bytes for Failed to commit area from 0x000000070de00000 to 0x0000000715e00000 of length 134217728.
# Possible reasons:
#   The system is out of physical RAM or swap space
#   The process is running with CompressedOops enabled, and the Java Heap may be blocking the growth of the native heap
# Possible solutions:
#   Reduce memory load on the system
#   Increase physical memory or swap space
#   Check if swap backing store is full
#   Decrease Java heap size (-Xmx/-Xms)
#   Decrease number of Java threads
#   Decrease Java thread stack sizes (-Xss)
#   Set larger code cache with -XX:ReservedCodeCacheSize=
#   JVM is running with Zero Based Compressed Oops mode in which the Java heap is
#     placed in the first 32GB address space. The Java Heap base address is the
#     maximum limit for the native heap growth. Please use -XX:HeapBaseMinAddress
#     to set the Java Heap base and to place the Java Heap above 32GB virtual address.
# This output file may be truncated or incomplete.
#
#  Out of Memory Error (t:/workspace/hotspot/src/os/windows/vm/os_windows.cpp:3357), pid=9956, tid=12108
#
# JRE version: Java(TM) SE Runtime Environment (9.0+11) (build 9.0.4+11)
# Java VM: Java HotSpot(TM) 64-Bit Server VM (9.0.4+11, mixed mode, tiered, compressed oops, g1 gc, windows-amd64)
# No core dump will be written. Minidumps are not enabled by default on client versions of Windows
#

---------------  S U M M A R Y ------------

Command Line: -Dfile.encoding=Cp1252 Referee.RunReferee

Host: Intel(R) Core(TM) i7-6500U CPU @ 2.50GHz, 4 cores, 11G,  Windows 10 , 64 bit Build 17134 (10.0.17134.1)
Time: Tue Sep 04 20:21:50 2018 Eastern Daylight Time elapsed time: 1 seconds (0d 0h 0m 1s)

---------------  T H R E A D  ---------------

Current thread (0x0000029fc03f8800):  VMThread "VM Thread" [stack: 0x000000d947200000,0x000000d947300000] [id=12108]

Stack: [0x000000d947200000,0x000000d947300000]
[error occurred during error reporting (printing stack bounds), id 0xe0000002]

Native frames: (J=compiled Java code, j=interpreted, Vv=VM code, C=native code)
V  [jvm.dll+0x587068]
V  [jvm.dll+0x69c25e]
V  [jvm.dll+0x69d17a]
V  [jvm.dll+0x69cd05]
V  [jvm.dll+0x69d71b]
V  [jvm.dll+0x5868c6]
V  [jvm.dll+0x586c98]
C  [ntdll.dll+0x9eced]
C  [ntdll.dll+0x6c86]
C  [ntdll.dll+0x9dc1e]
C  0x0000029fa67c0e2a

VM_Operation (0x000000d947ffe340): G1IncCollectionPause, mode: safepoint, requested by thread 0x0000029fc0608800


---------------  P R O C E S S  ---------------

Java Threads: ( => current thread )
  0x0000029fc0608800 JavaThread "pool-1-thread-1" [_thread_blocked, id=42824, stack(0x000000d947f00000,0x000000d948000000)]
  0x0000029fc0602800 JavaThread "pool-2-thread-1" [_thread_blocked, id=43616, stack(0x000000d947e00000,0x000000d947f00000)]
  0x0000029fc0609000 JavaThread "Service Thread" daemon [_thread_blocked, id=38940, stack(0x000000d947c00000,0x000000d947d00000)]
  0x0000029fc0604800 JavaThread "Common-Cleaner" daemon [_thread_blocked, id=42056, stack(0x000000d947b00000,0x000000d947c00000)]
  0x0000029fc0446000 JavaThread "Sweeper thread" daemon [_thread_blocked, id=27732, stack(0x000000d947a00000,0x000000d947b00000)]
  0x0000029fc042d000 JavaThread "C1 CompilerThread2" daemon [_thread_blocked, id=37212, stack(0x000000d947900000,0x000000d947a00000)]
  0x0000029fc042a800 JavaThread "C2 CompilerThread1" daemon [_thread_in_native, id=14848, stack(0x000000d947800000,0x000000d947900000)]
  0x0000029fc041a800 JavaThread "C2 CompilerThread0" daemon [_thread_in_native, id=31968, stack(0x000000d947700000,0x000000d947800000)]
  0x0000029fc041a000 JavaThread "Attach Listener" daemon [_thread_blocked, id=21556, stack(0x000000d947600000,0x000000d947700000)]
  0x0000029fc0413000 JavaThread "Signal Dispatcher" daemon [_thread_blocked, id=6964, stack(0x000000d947500000,0x000000d947600000)]
  0x0000029fc0401800 JavaThread "Finalizer" daemon [_thread_blocked, id=7796, stack(0x000000d947400000,0x000000d947500000)]
  0x0000029fc03d0800 JavaThread "Reference Handler" daemon [_thread_blocked, id=30180, stack(0x000000d947300000,0x000000d947400000)]
  0x0000029f9e421000 JavaThread "main" [_thread_blocked, id=4436, stack(0x000000d946600000,0x000000d946700000)]

Other Threads:
=>0x0000029fc03f8800 VMThread "VM Thread" [stack: 0x000000d947200000,0x000000d947300000] [id=12108]
  0x0000029fc0740000 WatcherThread [stack: 0x000000d947d00000,0x000000d947e00000] [id=15788]
  0x0000029f9e439000 GCTaskThread "GC Thread#0" [stack: 0x000000d946700000,0x000000d946800000] [id=6840]
  0x0000029f9e43a800 GCTaskThread "GC Thread#1" [stack: 0x000000d946800000,0x000000d946900000] [id=4468]
  0x0000029f9e43e000 GCTaskThread "GC Thread#2" [stack: 0x000000d946900000,0x000000d946a00000] [id=1668]
  0x0000029f9e43f000 GCTaskThread "GC Thread#3" [stack: 0x000000d946a00000,0x000000d946b00000] [id=12380]
  0x0000029fbd4bd000 ConcurrentGCThread "G1 Main Marker" [stack: 0x000000d947000000,0x000000d947100000] [id=42312]
  0x0000029fbd4c0800 ConcurrentGCThread "G1 Marker#0" [stack: 0x000000d947100000,0x000000d947200000] [id=40476]
  0x0000029f9e451000 ConcurrentGCThread "G1 Refine#0" [stack: 0x000000d946e00000,0x000000d946f00000] [id=31616]
  0x0000029f9e44a800 ConcurrentGCThread "G1 Refine#1" [stack: 0x000000d946d00000,0x000000d946e00000] [id=19916]
  0x0000029f9e449800 ConcurrentGCThread "G1 Refine#2" [stack: 0x000000d946c00000,0x000000d946d00000] [id=29668]
  0x0000029f9e445000 ConcurrentGCThread "G1 Refine#3" [stack: 0x000000d946b00000,0x000000d946c00000] [id=15352]
  0x0000029f9e453000 ConcurrentGCThread "G1 Young RemSet Sampling" [stack: 0x000000d946f00000,0x000000d947000000] [id=42028]

Threads with active compile tasks:
C2 CompilerThread1 206       4       Players.Caleb::getMax (111 bytes)
C2 CompilerThread0 214       4       Players.Caleb::getAvailableMoves (154 bytes)

VM state:at safepoint (normal execution)

VM Mutex/Monitor currently owned by a thread:  ([mutex/lock_event])
[0x0000029f9e4200c0] Threads_lock - owner thread: 0x0000029fc03f8800
[0x0000029f9e420a50] Heap_lock - owner thread: 0x0000029fc0608800

Heap address: 0x0000000702000000, size: 3040 MB, Compressed Oops mode: Zero based, Oop shift amount: 3
Narrow klass base: 0x0000000000000000, Narrow klass shift: 3
Compressed class space size: 1073741824 Address: 0x00000007c0000000

Heap:
 garbage-first heap   total 325632K, used 45217K [0x0000000702000000, 0x00000007021009f0, 0x00000007c0000000)
  region size 1024K, 9 young (9216K), 9 survivors (9216K)
 Metaspace       used 4156K, capacity 4608K, committed 4864K, reserved 1056768K
  class space    used 419K, capacity 432K, committed 512K, reserved 1048576K
Heap Regions: E=young(eden), S=young(survivor), O=old, HS=humongous(starts), HC=humongous(continues), CS=collection set, F=free, A=archive, TS=gc time stamp, AC=allocation context, TAMS=top-at-mark-start (previous, next)
|   0|0x0000000702000000, 0x0000000702100000, 0x0000000702100000|100%| O|  |TS  3|AC  0|TAMS 0x0000000702000000, 0x0000000702000000|
|   1|0x0000000702100000, 0x0000000702200000, 0x0000000702200000|100%| O|  |TS  3|AC  0|TAMS 0x0000000702100000, 0x0000000702100000|
|   2|0x0000000702200000, 0x0000000702300000, 0x0000000702300000|100%| O|  |TS  3|AC  0|TAMS 0x0000000702200000, 0x0000000702200000|
|   3|0x0000000702300000, 0x0000000702400000, 0x0000000702400000|100%| O|  |TS  3|AC  0|TAMS 0x0000000702300000, 0x0000000702300000|
|   4|0x0000000702400000, 0x0000000702500000, 0x0000000702500000|100%| O|  |TS  5|AC  0|TAMS 0x0000000702400000, 0x0000000702400000|
|   5|0x0000000702500000, 0x0000000702600000, 0x0000000702600000|100%| O|  |TS  5|AC  0|TAMS 0x0000000702500000, 0x0000000702500000|
|   6|0x0000000702600000, 0x0000000702700000, 0x0000000702700000|100%| O|  |TS  5|AC  0|TAMS 0x0000000702600000, 0x0000000702600000|
|   7|0x0000000702700000, 0x0000000702800000, 0x0000000702800000|100%| O|  |TS  5|AC  0|TAMS 0x0000000702700000, 0x0000000702700000|
|   8|0x0000000702800000, 0x0000000702900000, 0x0000000702900000|100%| O|  |TS  5|AC  0|TAMS 0x0000000702800000, 0x0000000702800000|
|   9|0x0000000702900000, 0x0000000702a00000, 0x0000000702a00000|100%| O|  |TS  5|AC  0|TAMS 0x0000000702900000, 0x0000000702900000|
|  10|0x0000000702a00000, 0x0000000702b00000, 0x0000000702b00000|100%| O|  |TS  5|AC  0|TAMS 0x0000000702a00000, 0x0000000702a00000|
|  11|0x0000000702b00000, 0x0000000702c00000, 0x0000000702c00000|100%| O|  |TS  5|AC  0|TAMS 0x0000000702b00000, 0x0000000702b00000|
|  12|0x0000000702c00000, 0x0000000702d00000, 0x0000000702d00000|100%| O|  |TS  5|AC  0|TAMS 0x0000000702c00000, 0x0000000702c00000|
|  13|0x0000000702d00000, 0x0000000702e00000, 0x0000000702e00000|100%| O|  |TS  5|AC  0|TAMS 0x0000000702d00000, 0x0000000702d00000|
|  14|0x0000000702e00000, 0x0000000702f00000, 0x0000000702f00000|100%| O|  |TS  5|AC  0|TAMS 0x0000000702e00000, 0x0000000702e00000|
|  15|0x0000000702f00000, 0x0000000703000000, 0x0000000703000000|100%| O|  |TS  5|AC  0|TAMS 0x0000000702f00000, 0x0000000702f00000|
|  16|0x0000000703000000, 0x0000000703100000, 0x0000000703100000|100%| O|  |TS  5|AC  0|TAMS 0x0000000703000000, 0x0000000703000000|
|  17|0x0000000703100000, 0x0000000703200000, 0x0000000703200000|100%| O|  |TS  5|AC  0|TAMS 0x0000000703100000, 0x0000000703100000|
|  18|0x0000000703200000, 0x0000000703300000, 0x0000000703300000|100%| O|  |TS  5|AC  0|TAMS 0x0000000703200000, 0x0000000703200000|
|  19|0x0000000703300000, 0x0000000703400000, 0x0000000703400000|100%| O|  |TS  7|AC  0|TAMS 0x0000000703300000, 0x0000000703300000|
|  20|0x0000000703400000, 0x0000000703500000, 0x0000000703500000|100%| O|  |TS  7|AC  0|TAMS 0x0000000703400000, 0x0000000703400000|
|  21|0x0000000703500000, 0x0000000703600000, 0x0000000703600000|100%| O|  |TS  7|AC  0|TAMS 0x0000000703500000, 0x0000000703500000|
|  22|0x0000000703600000, 0x0000000703700000, 0x0000000703700000|100%| O|  |TS  7|AC  0|TAMS 0x0000000703600000, 0x0000000703600000|
|  23|0x0000000703700000, 0x0000000703800000, 0x0000000703800000|100%| O|  |TS  7|AC  0|TAMS 0x0000000703700000, 0x0000000703700000|
|  24|0x0000000703800000, 0x0000000703900000, 0x0000000703900000|100%| O|  |TS  7|AC  0|TAMS 0x0000000703800000, 0x0000000703800000|
|  25|0x0000000703900000, 0x0000000703a00000, 0x0000000703a00000|100%| O|  |TS  7|AC  0|TAMS 0x0000000703900000, 0x0000000703900000|
|  26|0x0000000703a00000, 0x0000000703b00000, 0x0000000703b00000|100%| O|  |TS  7|AC  0|TAMS 0x0000000703a00000, 0x0000000703a00000|
|  27|0x0000000703b00000, 0x0000000703c00000, 0x0000000703c00000|100%| O|  |TS  9|AC  0|TAMS 0x0000000703b00000, 0x0000000703b00000|
|  28|0x0000000703c00000, 0x0000000703d00000, 0x0000000703d00000|100%| O|  |TS  9|AC  0|TAMS 0x0000000703c00000, 0x0000000703c00000|
|  29|0x0000000703d00000, 0x0000000703e00000, 0x0000000703e00000|100%| O|  |TS  9|AC  0|TAMS 0x0000000703d00000, 0x0000000703d00000|
|  30|0x0000000703e00000, 0x0000000703f00000, 0x0000000703f00000|100%| O|  |TS  9|AC  0|TAMS 0x0000000703e00000, 0x0000000703e00000|
|  31|0x0000000703f00000, 0x0000000704000000, 0x0000000704000000|100%| O|  |TS  9|AC  0|TAMS 0x0000000703f00000, 0x0000000703f00000|
|  32|0x0000000704000000, 0x0000000704100000, 0x0000000704100000|100%| O|  |TS  9|AC  0|TAMS 0x0000000704000000, 0x0000000704000000|
|  33|0x0000000704100000, 0x0000000704200000, 0x0000000704200000|100%| O|  |TS  9|AC  0|TAMS 0x0000000704100000, 0x0000000704100000|
|  34|0x0000000704200000, 0x0000000704300000, 0x0000000704300000|100%| O|  |TS  9|AC  0|TAMS 0x0000000704200000, 0x0000000704200000|
|  35|0x0000000704300000, 0x0000000704369c00, 0x0000000704400000| 41%| O|  |TS  9|AC  0|TAMS 0x0000000704300000, 0x0000000704300000|
|  36|0x0000000704400000, 0x0000000704400000, 0x0000000704500000|  0%| F|  |TS  0|AC  0|TAMS 0x0000000704400000, 0x0000000704400000|
|  37|0x0000000704500000, 0x0000000704500000, 0x0000000704600000|  0%| F|  |TS  0|AC  0|TAMS 0x0000000704500000, 0x0000000704500000|
|  38|0x0000000704600000, 0x0000000704600000, 0x0000000704700000|  0%| F|  |TS  0|AC  0|TAMS 0x0000000704600000, 0x0000000704600000|
|  39|0x0000000704700000, 0x0000000704700000, 0x0000000704800000|  0%| F|  |TS  0|AC  0|TAMS 0x0000000704700000, 0x0000000704700000|
|  40|0x0000000704800000, 0x0000000704800000, 0x0000000704900000|  0%| F|  |TS  0|AC  0|TAMS 0x0000000704800000, 0x0000000704800000|
|  41|0x0000000704900000, 0x0000000704900000, 0x0000000704a00000|  0%| F|  |TS  0|AC  0|TAMS 0x0000000704900000, 0x0000000704900000|
|  42|0x0000000704a00000, 0x0000000704a00000, 0x0000000704b00000|  0%| F|  |TS  0|AC  0|TAMS 0x0000000704a00000, 0x0000000704a00000|
|  43|0x0000000704b00000, 0x0000000704b00000, 0x0000000704c00000|  0%| F|  |TS  0|AC  0|TAMS 0x0000000704b00000, 0x0000000704b00000|
|  44|0x0000000704c00000, 0x0000000704c00000, 0x0000000704d00000|  0%| F|  |TS  0|AC  0|TAMS 0x0000000704c00000, 0x0000000704c00000|
|  45|0x0000000704d00000, 0x0000000704d00000, 0x0000000704e00000|  0%| F|  |TS  0|AC  0|TAMS 0x0000000704d00000, 0x0000000704d00000|
|  46|0x0000000704e00000, 0x0000000704e00000, 0x0000000704f00000|  0%| F|  |TS  0|AC  0|TAMS 0x0000000704e00000, 0x0000000704e00000|
|  47|0x0000000704f00000, 0x0000000704f00000, 0x0000000705000000|  0%| F|  |TS  0|AC  0|TAMS 0x0000000704f00000, 0x0000000704f00000|
|  48|0x0000000705000000, 0x0000000705000000, 0x0000000705100000|  0%| F|  |TS  0|AC  0|TAMS 0x0000000705000000, 0x0000000705000000|
|  49|0x0000000705100000, 0x0000000705100000, 0x0000000705200000|  0%| F|  |TS  0|AC  0|TAMS 0x0000000705100000, 0x0000000705100000|
|  50|0x0000000705200000, 0x0000000705200000, 0x0000000705300000|  0%| F|  |TS  0|AC  0|TAMS 0x0000000705200000, 0x0000000705200000|
|  51|0x0000000705300000, 0x0000000705300000, 0x0000000705400000|  0%| F|  |TS  0|AC  0|TAMS 0x0000000705300000, 0x0000000705300000|
|  52|0x0000000705400000, 0x0000000705400000, 0x0000000705500000|  0%| F|  |TS  0|AC  0|TAMS 0x0000000705400000, 0x0000000705400000|
|  53|0x0000000705500000, 0x0000000705500000, 0x0000000705600000|  0%| F|  |TS  0|AC  0|TAMS 0x0000000705500000, 0x0000000705500000|
|  54|0x0000000705600000, 0x0000000705600000, 0x0000000705700000|  0%| F|  |TS  0|AC  0|TAMS 0x0000000705600000, 0x0000000705600000|
|  55|0x0000000705700000, 0x0000000705700000, 0x0000000705800000|  0%| F|  |TS  0|AC  0|TAMS 0x0000000705700000, 0x0000000705700000|
|  56|0x0000000705800000, 0x0000000705800000, 0x0000000705900000|  0%| F|  |TS  0|AC  0|TAMS 0x0000000705800000, 0x0000000705800000|
|  57|0x0000000705900000, 0x0000000705900000, 0x0000000705a00000|  0%| F|  |TS  0|AC  0|TAMS 0x0000000705900000, 0x0000000705900000|
|  58|0x0000000705a00000, 0x0000000705a00000, 0x0000000705b00000|  0%| F|  |TS  0|AC  0|TAMS 0x0000000705a00000, 0x0000000705a00000|
|  59|0x0000000705b00000, 0x0000000705b00000, 0x0000000705c00000|  0%| F|  |TS  0|AC  0|TAMS 0x0000000705b00000, 0x0000000705b00000|
|  60|0x0000000705c00000, 0x0000000705c00000, 0x0000000705d00000|  0%| F|  |TS  0|AC  0|TAMS 0x0000000705c00000, 0x0000000705c00000|
|  61|0x0000000705d00000, 0x0000000705d00000, 0x0000000705e00000|  0%| F|  |TS  5|AC  0|TAMS 0x0000000705d00000, 0x0000000705d00000|
|  62|0x0000000705e00000, 0x0000000705e00000, 0x0000000705f00000|  0%| F|  |TS  5|AC  0|TAMS 0x0000000705e00000, 0x0000000705e00000|
|  63|0x0000000705f00000, 0x0000000705f00000, 0x0000000706000000|  0%| F|  |TS  5|AC  0|TAMS 0x0000000705f00000, 0x0000000705f00000|
|  64|0x0000000706000000, 0x0000000706000000, 0x0000000706100000|  0%| F|  |TS  5|AC  0|TAMS 0x0000000706000000, 0x0000000706000000|
|  65|0x0000000706100000, 0x0000000706100000, 0x0000000706200000|  0%| F|  |TS  5|AC  0|TAMS 0x0000000706100000, 0x0000000706100000|
|  66|0x0000000706200000, 0x0000000706200000, 0x0000000706300000|  0%| F|  |TS  5|AC  0|TAMS 0x0000000706200000, 0x0000000706200000|
|  67|0x0000000706300000, 0x0000000706300000, 0x0000000706400000|  0%| F|  |TS  5|AC  0|TAMS 0x0000000706300000, 0x0000000706300000|
|  68|0x0000000706400000, 0x0000000706400000, 0x0000000706500000|  0%| F|  |TS  5|AC  0|TAMS 0x0000000706400000, 0x0000000706400000|
|  69|0x0000000706500000, 0x0000000706500000, 0x0000000706600000|  0%| F|  |TS  5|AC  0|TAMS 0x0000000706500000, 0x0000000706500000|
|  70|0x0000000706600000, 0x0000000706600000, 0x0000000706700000|  0%| F|  |TS  5|AC  0|TAMS 0x0000000706600000, 0x0000000706600000|
|  71|0x0000000706700000, 0x0000000706700000, 0x0000000706800000|  0%| F|  |TS  5|AC  0|TAMS 0x0000000706700000, 0x0000000706700000|
|  72|0x0000000706800000, 0x0000000706800000, 0x0000000706900000|  0%| F|  |TS  5|AC  0|TAMS 0x0000000706800000, 0x0000000706800000|
|  73|0x0000000706900000, 0x0000000706900000, 0x0000000706a00000|  0%| F|  |TS  5|AC  0|TAMS 0x0000000706900000, 0x0000000706900000|
|  74|0x0000000706a00000, 0x0000000706a00000, 0x0000000706b00000|  0%| F|  |TS  5|AC  0|TAMS 0x0000000706a00000, 0x0000000706a00000|
|  75|0x0000000706b00000, 0x0000000706b00000, 0x0000000706c00000|  0%| F|  |TS  5|AC  0|TAMS 0x0000000706b00000, 0x0000000706b00000|
|  76|0x0000000706c00000, 0x0000000706c00000, 0x0000000706d00000|  0%| F|  |TS  3|AC  0|TAMS 0x0000000706c00000, 0x0000000706c00000|
|  77|0x0000000706d00000, 0x0000000706d00000, 0x0000000706e00000|  0%| F|  |TS  3|AC  0|TAMS 0x0000000706d00000, 0x0000000706d00000|
|  78|0x0000000706e00000, 0x0000000706e00000, 0x0000000706f00000|  0%| F|  |TS  3|AC  0|TAMS 0x0000000706e00000, 0x0000000706e00000|
|  79|0x0000000706f00000, 0x0000000706f00000, 0x0000000707000000|  0%| F|  |TS  3|AC  0|TAMS 0x0000000706f00000, 0x0000000706f00000|
|  80|0x0000000707000000, 0x0000000707000000, 0x0000000707100000|  0%| F|  |TS  3|AC  0|TAMS 0x0000000707000000, 0x0000000707000000|
|  81|0x0000000707100000, 0x0000000707100000, 0x0000000707200000|  0%| F|  |TS  3|AC  0|TAMS 0x0000000707100000, 0x0000000707100000|
|  82|0x0000000707200000, 0x0000000707200000, 0x0000000707300000|  0%| F|  |TS  3|AC  0|TAMS 0x0000000707200000, 0x0000000707200000|
|  83|0x0000000707300000, 0x0000000707300000, 0x0000000707400000|  0%| F|  |TS  3|AC  0|TAMS 0x0000000707300000, 0x0000000707300000|
|  84|0x0000000707400000, 0x0000000707400000, 0x0000000707500000|  0%| F|  |TS  3|AC  0|TAMS 0x0000000707400000, 0x0000000707400000|
|  85|0x0000000707500000, 0x0000000707500000, 0x0000000707600000|  0%| F|  |TS  3|AC  0|TAMS 0x0000000707500000, 0x0000000707500000|
|  86|0x0000000707600000, 0x0000000707600000, 0x0000000707700000|  0%| F|  |TS  3|AC  0|TAMS 0x0000000707600000, 0x0000000707600000|
|  87|0x0000000707700000, 0x0000000707700000, 0x0000000707800000|  0%| F|  |TS  3|AC  0|TAMS 0x0000000707700000, 0x0000000707700000|
|  88|0x0000000707800000, 0x0000000707800000, 0x0000000707900000|  0%| F|  |TS  3|AC  0|TAMS 0x0000000707800000, 0x0000000707800000|
|  89|0x0000000707900000, 0x0000000707900000, 0x0000000707a00000|  0%| F|  |TS  3|AC  0|TAMS 0x0000000707900000, 0x0000000707900000|
|  90|0x0000000707a00000, 0x0000000707a00000, 0x0000000707b00000|  0%| F|  |TS  3|AC  0|TAMS 0x0000000707a00000, 0x0000000707a00000|
|  91|0x0000000707b00000, 0x0000000707b00000, 0x0000000707c00000|  0%| F|  |TS  3|AC  0|TAMS 0x0000000707b00000, 0x0000000707b00000|
|  92|0x0000000707c00000, 0x0000000707c00000, 0x0000000707d00000|  0%| F|  |TS  3|AC  0|TAMS 0x0000000707c00000, 0x0000000707c00000|
|  93|0x0000000707d00000, 0x0000000707d00000, 0x0000000707e00000|  0%| F|  |TS  3|AC  0|TAMS 0x0000000707d00000, 0x0000000707d00000|
|  94|0x0000000707e00000, 0x0000000707e00000, 0x0000000707f00000|  0%| F|  |TS  3|AC  0|TAMS 0x0000000707e00000, 0x0000000707e00000|
|  95|0x0000000707f00000, 0x0000000707f00000, 0x0000000708000000|  0%| F|  |TS  3|AC  0|TAMS 0x0000000707f00000, 0x0000000707f00000|
|  96|0x0000000708000000, 0x0000000708000000, 0x0000000708100000|  0%| F|  |TS  3|AC  0|TAMS 0x0000000708000000, 0x0000000708000000|
|  97|0x0000000708100000, 0x0000000708100000, 0x0000000708200000|  0%| F|  |TS  3|AC  0|TAMS 0x0000000708100000, 0x0000000708100000|
|  98|0x0000000708200000, 0x0000000708200000, 0x0000000708300000|  0%| F|  |TS  3|AC  0|TAMS 0x0000000708200000, 0x0000000708200000|
|  99|0x0000000708300000, 0x0000000708300000, 0x0000000708400000|  0%| F|  |TS  3|AC  0|TAMS 0x0000000708300000, 0x0000000708300000|
| 100|0x0000000708400000, 0x0000000708400000, 0x0000000708500000|  0%| F|  |TS  3|AC  0|TAMS 0x0000000708400000, 0x0000000708400000|
| 101|0x0000000708500000, 0x0000000708500000, 0x0000000708600000|  0%| F|  |TS  3|AC  0|TAMS 0x0000000708500000, 0x0000000708500000|
| 102|0x0000000708600000, 0x0000000708600000, 0x0000000708700000|  0%| F|  |TS  3|AC  0|TAMS 0x0000000708600000, 0x0000000708600000|
| 103|0x0000000708700000, 0x0000000708700000, 0x0000000708800000|  0%| F|  |TS  3|AC  0|TAMS 0x0000000708700000, 0x0000000708700000|
| 104|0x0000000708800000, 0x0000000708800000, 0x0000000708900000|  0%| F|  |TS  3|AC  0|TAMS 0x0000000708800000, 0x0000000708800000|
| 105|0x0000000708900000, 0x0000000708900000, 0x0000000708a00000|  0%| F|  |TS  3|AC  0|TAMS 0x0000000708900000, 0x0000000708900000|
| 106|0x0000000708a00000, 0x0000000708a00000, 0x0000000708b00000|  0%| F|  |TS  3|AC  0|TAMS 0x0000000708a00000, 0x0000000708a00000|
| 107|0x0000000708b00000, 0x0000000708b00000, 0x0000000708c00000|  0%| F|  |TS  3|AC  0|TAMS 0x0000000708b00000, 0x0000000708b00000|
| 108|0x0000000708c00000, 0x0000000708c00000, 0x0000000708d00000|  0%| F|  |TS  3|AC  0|TAMS 0x0000000708c00000, 0x0000000708c00000|
| 109|0x0000000708d00000, 0x0000000708d00000, 0x0000000708e00000|  0%| F|  |TS  3|AC  0|TAMS 0x0000000708d00000, 0x0000000708d00000|
| 110|0x0000000708e00000, 0x0000000708e00000, 0x0000000708f00000|  0%| F|  |TS  3|AC  0|TAMS 0x0000000708e00000, 0x0000000708e00000|
| 111|0x0000000708f00000, 0x0000000708f00000, 0x0000000709000000|  0%| F|  |TS  3|AC  0|TAMS 0x0000000708f00000, 0x0000000708f00000|
| 112|0x0000000709000000, 0x0000000709000000, 0x0000000709100000|  0%| F|  |TS  3|AC  0|TAMS 0x0000000709000000, 0x0000000709000000|
| 113|0x0000000709100000, 0x0000000709100000, 0x0000000709200000|  0%| F|  |TS  3|AC  0|TAMS 0x0000000709100000, 0x0000000709100000|
| 114|0x0000000709200000, 0x00000007092beb70, 0x0000000709300000| 74%| S|CS|TS  9|AC  0|TAMS 0x0000000709200000, 0x0000000709200000|
| 115|0x0000000709300000, 0x0000000709400000, 0x0000000709400000|100%| S|CS|TS  9|AC  0|TAMS 0x0000000709300000, 0x0000000709300000|
| 116|0x0000000709400000, 0x0000000709500000, 0x0000000709500000|100%| S|CS|TS  9|AC  0|TAMS 0x0000000709400000, 0x0000000709400000|
| 117|0x0000000709500000, 0x0000000709600000, 0x0000000709600000|100%| S|CS|TS  9|AC  0|TAMS 0x0000000709500000, 0x0000000709500000|
| 118|0x0000000709600000, 0x0000000709700000, 0x0000000709700000|100%| S|CS|TS  9|AC  0|TAMS 0x0000000709600000, 0x0000000709600000|
| 119|0x0000000709700000, 0x0000000709800000, 0x0000000709800000|100%| S|CS|TS  9|AC  0|TAMS 0x0000000709700000, 0x0000000709700000|
| 120|0x0000000709800000, 0x0000000709900000, 0x0000000709900000|100%| S|CS|TS  9|AC  0|TAMS 0x0000000709800000, 0x0000000709800000|
| 121|0x0000000709900000, 0x0000000709a00000, 0x0000000709a00000|100%| S|CS|TS  9|AC  0|TAMS 0x0000000709900000, 0x0000000709900000|
| 122|0x0000000709a00000, 0x0000000709b00000, 0x0000000709b00000|100%| S|CS|TS  9|AC  0|TAMS 0x0000000709a00000, 0x0000000709a00000|
| 123|0x0000000709b00000, 0x0000000709b00000, 0x0000000709c00000|  0%| F|  |TS  9|AC  0|TAMS 0x0000000709b00000, 0x0000000709b00000|
| 124|0x0000000709c00000, 0x0000000709c00000, 0x0000000709d00000|  0%| F|  |TS  9|AC  0|TAMS 0x0000000709c00000, 0x0000000709c00000|
| 125|0x0000000709d00000, 0x0000000709d00000, 0x0000000709e00000|  0%| F|  |TS  9|AC  0|TAMS 0x0000000709d00000, 0x0000000709d00000|
| 126|0x0000000709e00000, 0x0000000709e00000, 0x0000000709f00000|  0%| F|  |TS  9|AC  0|TAMS 0x0000000709e00000, 0x0000000709e00000|
| 127|0x0000000709f00000, 0x0000000709f00000, 0x000000070a000000|  0%| F|  |TS  9|AC  0|TAMS 0x0000000709f00000, 0x0000000709f00000|
| 128|0x000000070a000000, 0x000000070a000000, 0x000000070a100000|  0%| F|  |TS  9|AC  0|TAMS 0x000000070a000000, 0x000000070a000000|
| 129|0x000000070a100000, 0x000000070a100000, 0x000000070a200000|  0%| F|  |TS  9|AC  0|TAMS 0x000000070a100000, 0x000000070a100000|
| 130|0x000000070a200000, 0x000000070a200000, 0x000000070a300000|  0%| F|  |TS  9|AC  0|TAMS 0x000000070a200000, 0x000000070a200000|
| 131|0x000000070a300000, 0x000000070a300000, 0x000000070a400000|  0%| F|  |TS  9|AC  0|TAMS 0x000000070a300000, 0x000000070a300000|
| 132|0x000000070a400000, 0x000000070a400000, 0x000000070a500000|  0%| F|  |TS  9|AC  0|TAMS 0x000000070a400000, 0x000000070a400000|
| 133|0x000000070a500000, 0x000000070a500000, 0x000000070a600000|  0%| F|  |TS  9|AC  0|TAMS 0x000000070a500000, 0x000000070a500000|
| 134|0x000000070a600000, 0x000000070a600000, 0x000000070a700000|  0%| F|  |TS  9|AC  0|TAMS 0x000000070a600000, 0x000000070a600000|
| 135|0x000000070a700000, 0x000000070a700000, 0x000000070a800000|  0%| F|  |TS  9|AC  0|TAMS 0x000000070a700000, 0x000000070a700000|
| 136|0x000000070a800000, 0x000000070a800000, 0x000000070a900000|  0%| F|  |TS  9|AC  0|TAMS 0x000000070a800000, 0x000000070a800000|
| 137|0x000000070a900000, 0x000000070a900000, 0x000000070aa00000|  0%| F|  |TS  9|AC  0|TAMS 0x000000070a900000, 0x000000070a900000|
| 138|0x000000070aa00000, 0x000000070aa00000, 0x000000070ab00000|  0%| F|  |TS  9|AC  0|TAMS 0x000000070aa00000, 0x000000070aa00000|
| 139|0x000000070ab00000, 0x000000070ab00000, 0x000000070ac00000|  0%| F|  |TS  9|AC  0|TAMS 0x000000070ab00000, 0x000000070ab00000|
| 140|0x000000070ac00000, 0x000000070ac00000, 0x000000070ad00000|  0%| F|  |TS  9|AC  0|TAMS 0x000000070ac00000, 0x000000070ac00000|
| 141|0x000000070ad00000, 0x000000070ad00000, 0x000000070ae00000|  0%| F|  |TS  9|AC  0|TAMS 0x000000070ad00000, 0x000000070ad00000|
| 142|0x000000070ae00000, 0x000000070ae00000, 0x000000070af00000|  0%| F|  |TS  9|AC  0|TAMS 0x000000070ae00000, 0x000000070ae00000|
| 143|0x000000070af00000, 0x000000070af00000, 0x000000070b000000|  0%| F|  |TS  9|AC  0|TAMS 0x000000070af00000, 0x000000070af00000|
| 144|0x000000070b000000, 0x000000070b000000, 0x000000070b100000|  0%| F|  |TS  9|AC  0|TAMS 0x000000070b000000, 0x000000070b000000|
| 145|0x000000070b100000, 0x000000070b100000, 0x000000070b200000|  0%| F|  |TS  9|AC  0|TAMS 0x000000070b100000, 0x000000070b100000|
| 146|0x000000070b200000, 0x000000070b200000, 0x000000070b300000|  0%| F|  |TS  9|AC  0|TAMS 0x000000070b200000, 0x000000070b200000|
| 147|0x000000070b300000, 0x000000070b300000, 0x000000070b400000|  0%| F|  |TS  9|AC  0|TAMS 0x000000070b300000, 0x000000070b300000|
| 148|0x000000070b400000, 0x000000070b400000, 0x000000070b500000|  0%| F|  |TS  9|AC  0|TAMS 0x000000070b400000, 0x000000070b400000|
| 149|0x000000070b500000, 0x000000070b500000, 0x000000070b600000|  0%| F|  |TS  9|AC  0|TAMS 0x000000070b500000, 0x000000070b500000|
| 150|0x000000070b600000, 0x000000070b600000, 0x000000070b700000|  0%| F|  |TS  9|AC  0|TAMS 0x000000070b600000, 0x000000070b600000|
| 151|0x000000070b700000, 0x000000070b700000, 0x000000070b800000|  0%| F|  |TS  9|AC  0|TAMS 0x000000070b700000, 0x000000070b700000|
| 152|0x000000070b800000, 0x000000070b800000, 0x000000070b900000|  0%| F|  |TS  9|AC  0|TAMS 0x000000070b800000, 0x000000070b800000|
| 153|0x000000070b900000, 0x000000070b900000, 0x000000070ba00000|  0%| F|  |TS  9|AC  0|TAMS 0x000000070b900000, 0x000000070b900000|
| 154|0x000000070ba00000, 0x000000070ba00000, 0x000000070bb00000|  0%| F|  |TS  9|AC  0|TAMS 0x000000070ba00000, 0x000000070ba00000|
| 155|0x000000070bb00000, 0x000000070bb00000, 0x000000070bc00000|  0%| F|  |TS  9|AC  0|TAMS 0x000000070bb00000, 0x000000070bb00000|
| 156|0x000000070bc00000, 0x000000070bc00000, 0x000000070bd00000|  0%| F|  |TS  9|AC  0|TAMS 0x000000070bc00000, 0x000000070bc00000|
| 157|0x000000070bd00000, 0x000000070bd00000, 0x000000070be00000|  0%| F|  |TS  9|AC  0|TAMS 0x000000070bd00000, 0x000000070bd00000|
| 158|0x000000070be00000, 0x000000070be00000, 0x000000070bf00000|  0%| F|  |TS  9|AC  0|TAMS 0x000000070be00000, 0x000000070be00000|
| 159|0x000000070bf00000, 0x000000070bf00000, 0x000000070c000000|  0%| F|  |TS  9|AC  0|TAMS 0x000000070bf00000, 0x000000070bf00000|
| 160|0x000000070c000000, 0x000000070c000000, 0x000000070c100000|  0%| F|  |TS  9|AC  0|TAMS 0x000000070c000000, 0x000000070c000000|
| 161|0x000000070c100000, 0x000000070c100000, 0x000000070c200000|  0%| F|  |TS  9|AC  0|TAMS 0x000000070c100000, 0x000000070c100000|
| 162|0x000000070c200000, 0x000000070c200000, 0x000000070c300000|  0%| F|  |TS  9|AC  0|TAMS 0x000000070c200000, 0x000000070c200000|
| 163|0x000000070c300000, 0x000000070c300000, 0x000000070c400000|  0%| F|  |TS  9|AC  0|TAMS 0x000000070c300000, 0x000000070c300000|
| 164|0x000000070c400000, 0x000000070c400000, 0x000000070c500000|  0%| F|  |TS  9|AC  0|TAMS 0x000000070c400000, 0x000000070c400000|
| 165|0x000000070c500000, 0x000000070c500000, 0x000000070c600000|  0%| F|  |TS  9|AC  0|TAMS 0x000000070c500000, 0x000000070c500000|
| 166|0x000000070c600000, 0x000000070c600000, 0x000000070c700000|  0%| F|  |TS  9|AC  0|TAMS 0x000000070c600000, 0x000000070c600000|
| 167|0x000000070c700000, 0x000000070c700000, 0x000000070c800000|  0%| F|  |TS  9|AC  0|TAMS 0x000000070c700000, 0x000000070c700000|
| 168|0x000000070c800000, 0x000000070c800000, 0x000000070c900000|  0%| F|  |TS  9|AC  0|TAMS 0x000000070c800000, 0x000000070c800000|
| 169|0x000000070c900000, 0x000000070c900000, 0x000000070ca00000|  0%| F|  |TS  9|AC  0|TAMS 0x000000070c900000, 0x000000070c900000|
| 170|0x000000070ca00000, 0x000000070ca00000, 0x000000070cb00000|  0%| F|  |TS  9|AC  0|TAMS 0x000000070ca00000, 0x000000070ca00000|
| 171|0x000000070cb00000, 0x000000070cb00000, 0x000000070cc00000|  0%| F|  |TS  9|AC  0|TAMS 0x000000070cb00000, 0x000000070cb00000|
| 172|0x000000070cc00000, 0x000000070cc00000, 0x000000070cd00000|  0%| F|  |TS  9|AC  0|TAMS 0x000000070cc00000, 0x000000070cc00000|
| 173|0x000000070cd00000, 0x000000070cd00000, 0x000000070ce00000|  0%| F|  |TS  9|AC  0|TAMS 0x000000070cd00000, 0x000000070cd00000|
| 174|0x000000070ce00000, 0x000000070ce00000, 0x000000070cf00000|  0%| F|  |TS  9|AC  0|TAMS 0x000000070ce00000, 0x000000070ce00000|
| 175|0x000000070cf00000, 0x000000070cf00000, 0x000000070d000000|  0%| F|  |TS  9|AC  0|TAMS 0x000000070cf00000, 0x000000070cf00000|
| 176|0x000000070d000000, 0x000000070d000000, 0x000000070d100000|  0%| F|  |TS  9|AC  0|TAMS 0x000000070d000000, 0x000000070d000000|
| 177|0x000000070d100000, 0x000000070d100000, 0x000000070d200000|  0%| F|  |TS  9|AC  0|TAMS 0x000000070d100000, 0x000000070d100000|
| 178|0x000000070d200000, 0x000000070d200000, 0x000000070d300000|  0%| F|  |TS  9|AC  0|TAMS 0x000000070d200000, 0x000000070d200000|
| 179|0x000000070d300000, 0x000000070d300000, 0x000000070d400000|  0%| F|  |TS  9|AC  0|TAMS 0x000000070d300000, 0x000000070d300000|
| 180|0x000000070d400000, 0x000000070d400000, 0x000000070d500000|  0%| F|  |TS  9|AC  0|TAMS 0x000000070d400000, 0x000000070d400000|
| 181|0x000000070d500000, 0x000000070d500000, 0x000000070d600000|  0%| F|  |TS  9|AC  0|TAMS 0x000000070d500000, 0x000000070d500000|
| 182|0x000000070d600000, 0x000000070d600000, 0x000000070d700000|  0%| F|  |TS  9|AC  0|TAMS 0x000000070d600000, 0x000000070d600000|
| 183|0x000000070d700000, 0x000000070d700000, 0x000000070d800000|  0%| F|  |TS  9|AC  0|TAMS 0x000000070d700000, 0x000000070d700000|
| 184|0x000000070d800000, 0x000000070d800000, 0x000000070d900000|  0%| F|  |TS  9|AC  0|TAMS 0x000000070d800000, 0x000000070d800000|
| 185|0x000000070d900000, 0x000000070d900000, 0x000000070da00000|  0%| F|  |TS  9|AC  0|TAMS 0x000000070d900000, 0x000000070d900000|
| 186|0x000000070da00000, 0x000000070da00000, 0x000000070db00000|  0%| F|  |TS  9|AC  0|TAMS 0x000000070da00000, 0x000000070da00000|
| 187|0x000000070db00000, 0x000000070db00000, 0x000000070dc00000|  0%| F|  |TS  9|AC  0|TAMS 0x000000070db00000, 0x000000070db00000|
| 188|0x000000070dc00000, 0x000000070dc00000, 0x000000070dd00000|  0%| F|  |TS  9|AC  0|TAMS 0x000000070dc00000, 0x000000070dc00000|
| 189|0x000000070dd00000, 0x000000070dd00000, 0x000000070de00000|  0%| F|  |TS  9|AC  0|TAMS 0x000000070dd00000, 0x000000070dd00000|

Card table byte_map: [0x0000029fb69d0000,0x0000029fb6fc0000] byte_map_base: 0x0000029fb31c0000

Marking Bits (Prev, Next): (CMBitMap*) 0x0000029f9e4de060, (CMBitMap*) 0x0000029f9e4de098
 Prev Bits: [0x0000029fb75b0000, 0x0000029fba530000)
 Next Bits: [0x0000029fba530000, 0x0000029fbd4b0000)

Polling page: 0x0000029f9e320000

CodeHeap 'non-profiled nmethods': size=120064Kb used=130Kb max_used=130Kb free=119933Kb
 bounds [0x0000029fae280000, 0x0000029fae4f0000, 0x0000029fb57c0000]
CodeHeap 'profiled nmethods': size=120000Kb used=319Kb max_used=319Kb free=119680Kb
 bounds [0x0000029fa6d50000, 0x0000029fa6fc0000, 0x0000029fae280000]
CodeHeap 'non-nmethods': size=5696Kb used=1171Kb max_used=1204Kb free=4524Kb
 bounds [0x0000029fa67c0000, 0x0000029fa6a30000, 0x0000029fa6d50000]
 total_blobs=594 nmethods=208 adapters=207
 compilation: enabled

Compilation events (10 events):
Event: 0.473 Thread 0x0000029fc042d000  210 %     3       Players.Caleb::evalBoard @ 18 (82 bytes)
Event: 0.474 Thread 0x0000029fc042d000 nmethod 210% 0x0000029fa6d9e890 code [0x0000029fa6d9ea80, 0x0000029fa6d9f080]
Event: 0.474 Thread 0x0000029fc042d000  211       3       Players.Caleb::evalBoard (82 bytes)
Event: 0.474 Thread 0x0000029fc042d000 nmethod 211 0x0000029fa6d9f310 code [0x0000029fa6d9f500, 0x0000029fa6d9faa0]
Event: 0.513 Thread 0x0000029fc041a800 nmethod 208 0x0000029fae295510 code [0x0000029fae2956e0, 0x0000029fae296798]
Event: 0.513 Thread 0x0000029fc041a800  212       4       Players.Caleb::evalBoard (82 bytes)
Event: 0.549 Thread 0x0000029fc041a800 nmethod 212 0x0000029fae296d90 code [0x0000029fae296fa0, 0x0000029fae298190]
Event: 0.549 Thread 0x0000029fc041a800  213       4       Players.Caleb::populateChildren (71 bytes)
Event: 0.853 Thread 0x0000029fc041a800 nmethod 213 0x0000029fae298d10 code [0x0000029fae299020, 0x0000029fae29e798]
Event: 0.853 Thread 0x0000029fc041a800  214       4       Players.Caleb::getAvailableMoves (154 bytes)

GC Heap History (9 events):
Event: 0.391 GC heap before
{Heap before GC invocations=0 (full 0):
 garbage-first heap   total 194560K, used 14336K [0x0000000702000000, 0x00000007021005f0, 0x00000007c0000000)
  region size 1024K, 14 young (14336K), 0 survivors (0K)
 Metaspace       used 4155K, capacity 4608K, committed 4864K, reserved 1056768K
  class space    used 419K, capacity 432K, committed 512K, reserved 1048576K
}
Event: 0.395 GC heap after
{Heap after GC invocations=1 (full 0):
 garbage-first heap   total 194560K, used 2637K [0x0000000702000000, 0x00000007021005f0, 0x00000007c0000000)
  region size 1024K, 2 young (2048K), 2 survivors (2048K)
 Metaspace       used 4155K, capacity 4608K, committed 4864K, reserved 1056768K
  class space    used 419K, capacity 432K, committed 512K, reserved 1048576K
}
Event: 0.687 GC heap before
{Heap before GC invocations=1 (full 0):
 garbage-first heap   total 194560K, used 117325K [0x0000000702000000, 0x00000007021005f0, 0x00000007c0000000)
  region size 1024K, 114 young (116736K), 2 survivors (2048K)
 Metaspace       used 4156K, capacity 4608K, committed 4864K, reserved 1056768K
  class space    used 419K, capacity 432K, committed 512K, reserved 1048576K
}
Event: 0.702 GC heap after
{Heap after GC invocations=2 (full 0):
 garbage-first heap   total 194560K, used 19456K [0x0000000702000000, 0x00000007021005f0, 0x00000007c0000000)
  region size 1024K, 15 young (15360K), 15 survivors (15360K)
 Metaspace       used 4156K, capacity 4608K, committed 4864K, reserved 1056768K
  class space    used 419K, capacity 432K, committed 512K, reserved 1048576K
}
Event: 0.788 GC heap before
{Heap before GC invocations=2 (full 0):
 garbage-first heap   total 194560K, used 69632K [0x0000000702000000, 0x00000007021005f0, 0x00000007c0000000)
  region size 1024K, 64 young (65536K), 15 survivors (15360K)
 Metaspace       used 4156K, capacity 4608K, committed 4864K, reserved 1056768K
  class space    used 419K, capacity 432K, committed 512K, reserved 1048576K
}
Event: 0.805 GC heap after
{Heap after GC invocations=3 (full 0):
 garbage-first heap   total 194560K, used 27921K [0x0000000702000000, 0x00000007021005f0, 0x00000007c0000000)
  region size 1024K, 8 young (8192K), 8 survivors (8192K)
 Metaspace       used 4156K, capacity 4608K, committed 4864K, reserved 1056768K
  class space    used 419K, capacity 432K, committed 512K, reserved 1048576K
}
Event: 0.894 GC heap before
{Heap before GC invocations=3 (full 0):
 garbage-first heap   total 194560K, used 79121K [0x0000000702000000, 0x00000007021005f0, 0x00000007c0000000)
  region size 1024K, 58 young (59392K), 8 survivors (8192K)
 Metaspace       used 4156K, capacity 4608K, committed 4864K, reserved 1056768K
  class space    used 419K, capacity 432K, committed 512K, reserved 1048576K
}
Event: 0.905 GC heap after
{Heap after GC invocations=4 (full 0):
 garbage-first heap   total 194560K, used 36168K [0x0000000702000000, 0x00000007021005f0, 0x00000007c0000000)
  region size 1024K, 8 young (8192K), 8 survivors (8192K)
 Metaspace       used 4156K, capacity 4608K, committed 4864K, reserved 1056768K
  class space    used 419K, capacity 432K, committed 512K, reserved 1048576K
}
Event: 1.013 GC heap before
{Heap before GC invocations=4 (full 0):
 garbage-first heap   total 194560K, used 96584K [0x0000000702000000, 0x00000007021005f0, 0x00000007c0000000)
  region size 1024K, 67 young (68608K), 8 survivors (8192K)
 Metaspace       used 4156K, capacity 4608K, committed 4864K, reserved 1056768K
  class space    used 419K, capacity 432K, committed 512K, reserved 1048576K
}

Deoptimization events (2 events):
Event: 0.463 Thread 0x0000029fc0608800 Uncommon trap: reason=unstable_if action=reinterpret pc=0x0000029fae2906c0 method=Players.Caleb.getDiagUp(LUtilities/StateTree;III)[I @ 141 c2
Event: 0.472 Thread 0x0000029fc0608800 Uncommon trap: reason=unstable_if action=reinterpret pc=0x0000029fae294684 method=Players.Caleb.anyAdjacent(LUtilities/StateTree;II)Z @ 238 c2

Classes redefined (0 events):
No events

Internal exceptions (0 events):
No events

Events (10 events):
Event: 0.472 Thread 0x0000029fc0608800 Uncommon trap: trap_request=0xffffff5d fr.pc=0x0000029fae294684 relative=0x0000000000000fe4
Event: 0.472 Thread 0x0000029fc0608800 DEOPT PACKING pc=0x0000029fae294684 sp=0x000000d947ffe640
Event: 0.472 Thread 0x0000029fc0608800 DEOPT UNPACKING pc=0x0000029fa680df29 sp=0x000000d947ffe550 mode 2
Event: 0.687 Executing VM operation: G1IncCollectionPause
Event: 0.702 Executing VM operation: G1IncCollectionPause done
Event: 0.788 Executing VM operation: G1IncCollectionPause
Event: 0.805 Executing VM operation: G1IncCollectionPause done
Event: 0.894 Executing VM operation: G1IncCollectionPause
Event: 0.906 Executing VM operation: G1IncCollectionPause done
Event: 1.012 Executing VM operation: G1IncCollectionPause


Dynamic libraries:
0x00007ff68a590000 - 0x00007ff68a5ce000 	C:\Program Files\Java\jre-9.0.4\bin\javaw.exe
0x00007ff8f72b0000 - 0x00007ff8f7491000 	C:\WINDOWS\SYSTEM32\ntdll.dll
0x00007ff8f4b40000 - 0x00007ff8f4bf2000 	C:\WINDOWS\System32\KERNEL32.DLL
0x00007ff8f3920000 - 0x00007ff8f3b93000 	C:\WINDOWS\System32\KERNELBASE.dll
0x00007ff8f7120000 - 0x00007ff8f71c1000 	C:\WINDOWS\System32\ADVAPI32.dll
0x00007ff8f71d0000 - 0x00007ff8f726e000 	C:\WINDOWS\System32\msvcrt.dll
0x00007ff8f4740000 - 0x00007ff8f479b000 	C:\WINDOWS\System32\sechost.dll
0x00007ff8f6e40000 - 0x00007ff8f6f64000 	C:\WINDOWS\System32\RPCRT4.dll
0x00007ff8f6cb0000 - 0x00007ff8f6e40000 	C:\WINDOWS\System32\USER32.dll
0x00007ff8f4460000 - 0x00007ff8f4480000 	C:\WINDOWS\System32\win32u.dll
0x00007ff8f5280000 - 0x00007ff8f52a8000 	C:\WINDOWS\System32\GDI32.dll
0x00007ff8f3680000 - 0x00007ff8f3812000 	C:\WINDOWS\System32\gdi32full.dll
0x00007ff8f3820000 - 0x00007ff8f38bf000 	C:\WINDOWS\System32\msvcp_win.dll
0x00007ff8f4360000 - 0x00007ff8f445a000 	C:\WINDOWS\System32\ucrtbase.dll
0x00007ff8e6450000 - 0x00007ff8e66b9000 	C:\WINDOWS\WinSxS\amd64_microsoft.windows.common-controls_6595b64144ccf1df_6.0.17134.228_none_fb4599993062b194\COMCTL32.dll
0x00007ff8ea6a0000 - 0x00007ff8ea6aa000 	C:\WINDOWS\SYSTEM32\VERSION.dll
0x00007ff8f4e70000 - 0x00007ff8f5193000 	C:\WINDOWS\System32\combase.dll
0x00007ff8f4480000 - 0x00007ff8f44fa000 	C:\WINDOWS\System32\bcryptPrimitives.dll
0x00007ff8f4940000 - 0x00007ff8f496d000 	C:\WINDOWS\System32\IMM32.DLL
0x00007ff8b8940000 - 0x00007ff8b8a2f000 	C:\Program Files\Java\jre-9.0.4\bin\msvcr120.dll
0x00007ff8b8890000 - 0x00007ff8b8936000 	C:\Program Files\Java\jre-9.0.4\bin\msvcp120.dll
0x000000006efd0000 - 0x000000006f9f5000 	C:\Program Files\Java\jre-9.0.4\bin\server\jvm.dll
0x00007ff8f51a0000 - 0x00007ff8f51a8000 	C:\WINDOWS\System32\PSAPI.DLL
0x00007ff8ecdf0000 - 0x00007ff8ece13000 	C:\WINDOWS\SYSTEM32\WINMM.dll
0x00007ff8f21c0000 - 0x00007ff8f21c9000 	C:\WINDOWS\SYSTEM32\WSOCK32.dll
0x00007ff8ecdc0000 - 0x00007ff8ecdea000 	C:\WINDOWS\SYSTEM32\WINMMBASE.dll
0x00007ff8f70b0000 - 0x00007ff8f711c000 	C:\WINDOWS\System32\WS2_32.dll
0x00007ff8f4500000 - 0x00007ff8f4549000 	C:\WINDOWS\System32\cfgmgr32.dll
0x00007ff8d9520000 - 0x00007ff8d952f000 	C:\Program Files\Java\jre-9.0.4\bin\verify.dll
0x00007ff8ce680000 - 0x00007ff8ce6a7000 	C:\Program Files\Java\jre-9.0.4\bin\java.dll
0x00007ff8ce6e0000 - 0x00007ff8ce6f6000 	C:\Program Files\Java\jre-9.0.4\bin\zip.dll
0x00007ff8d9280000 - 0x00007ff8d928a000 	C:\Program Files\Java\jre-9.0.4\bin\jimage.dll
0x00007ff8f5720000 - 0x00007ff8f6b60000 	C:\WINDOWS\System32\SHELL32.dll
0x00007ff8f6b60000 - 0x00007ff8f6c09000 	C:\WINDOWS\System32\shcore.dll
0x00007ff8f3ba0000 - 0x00007ff8f42ad000 	C:\WINDOWS\System32\windows.storage.dll
0x00007ff8f6fd0000 - 0x00007ff8f7021000 	C:\WINDOWS\System32\shlwapi.dll
0x00007ff8f35f0000 - 0x00007ff8f3601000 	C:\WINDOWS\System32\kernel.appcore.dll
0x00007ff8f35c0000 - 0x00007ff8f35df000 	C:\WINDOWS\System32\profapi.dll
0x00007ff8f3610000 - 0x00007ff8f365c000 	C:\WINDOWS\System32\powrprof.dll
0x00007ff8f35e0000 - 0x00007ff8f35ea000 	C:\WINDOWS\System32\FLTLIB.DLL
0x00007ff8ce4a0000 - 0x00007ff8ce4ba000 	C:\Program Files\Java\jre-9.0.4\bin\net.dll
0x00007ff8e8c30000 - 0x00007ff8e8d0c000 	C:\WINDOWS\SYSTEM32\WINHTTP.dll
0x00007ff8f2e40000 - 0x00007ff8f2ea6000 	C:\WINDOWS\system32\mswsock.dll
0x00007ff8cdee0000 - 0x00007ff8cdef1000 	C:\Program Files\Java\jre-9.0.4\bin\nio.dll
0x00007ff8f1ea0000 - 0x00007ff8f2069000 	C:\WINDOWS\SYSTEM32\dbghelp.dll

VM Arguments:
jvm_args: -Dfile.encoding=Cp1252 
java_command: Referee.RunReferee
java_class_path (initial): C:\Users\caleb\Documents\CS 4341\cjralphs_dalarson_project1\StandaloneReferee\bin
Launcher Type: SUN_STANDARD

Logging:
Log output configuration:
#0: stdout all=warning uptime,level,tags
#1: stderr all=off uptime,level,tags

Environment Variables:
PATH=C:\ProgramData\Oracle\Java\javapath;C:\Program Files (x86)\Intel\iCLS Client\;C:\Program Files\Intel\iCLS Client\;C:\Windows\system32;C:\Windows;C:\Windows\System32\Wbem;C:\Windows\System32\WindowsPowerShell\v1.0\;C:\Program Files (x86)\Intel\Intel(R) Management Engine Components\DAL;C:\Program Files\Intel\Intel(R) Management Engine Components\DAL;C:\Program Files (x86)\Intel\Intel(R) Management Engine Components\IPT;C:\Program Files\Intel\Intel(R) Management Engine Components\IPT;C:\Program Files (x86)\NVIDIA Corporation\PhysX\Common;C:\WINDOWS\system32;C:\WINDOWS;C:\WINDOWS\System32\Wbem;C:\WINDOWS\System32\WindowsPowerShell\v1.0\;C:\Program Files\Intel\WiFi\bin\;C:\Program Files\Common Files\Intel\WirelessCommon\;C:\Program Files\Microsoft SQL Server\130\Tools\Binn\;C:\Program Files\dotnet\;C:\Program Files\Git\cmd;C:\Program Files\nodejs\;C:\Program Files\erl9.0\bin;C:\Program Files (x86)\Elixir\bin;C:\WINDOWS\system32\config\systemprofile\.mix\escripts;C:\Program Files\PuTTY\;C:\Program Files\MATLAB\R2018a\bin;C:\WINDOWS\System32\OpenSSH\;C:\Users\caleb\Anaconda3;C:\Users\caleb\Anaconda3\Scripts;C:\Users\caleb\Anaconda3\Library\bin;C:\Users\caleb\Downloads\Anaconda;C:\Users\caleb\Downloads\Anaconda\Scripts;C:\Users\caleb\Downloads\Anaconda\Library\bin;C:\Users\caleb\AppData\Local\Microsoft\WindowsApps;C:\ProgramData\caleb\atom\bin;C:\Users\caleb\AppData\Local\Microsoft\WindowsApps;C:\Users\caleb\AppData\Roaming\npm;C:\Program Files\Microsoft VS Code\bin;
USERNAME=caleb
OS=Windows_NT
PROCESSOR_IDENTIFIER=Intel64 Family 6 Model 78 Stepping 3, GenuineIntel



---------------  S Y S T E M  ---------------

OS: Windows 10 , 64 bit Build 17134 (10.0.17134.1)

CPU:total 4 (initial active 4) (2 cores per cpu, 2 threads per core) family 6 model 78 stepping 3, cmov, cx8, fxsr, mmx, sse, sse2, sse3, ssse3, sse4.1, sse4.2, popcnt, avx, avx2, aes, clmul, erms, 3dnowpref, lzcnt, ht, tsc, tscinvbit, bmi1, bmi2, adx, fma

Memory: 4k page, physical 12448120k(868612k free), swap 37301456k(61128k free)

vm_info: Java HotSpot(TM) 64-Bit Server VM (9.0.4+11) for windows-amd64 JRE (9.0.4+11), built on Dec 20 2017 02:18:54 by "mach5one" with MS VC++ 12.0 (VS2013)

END.
